2022-10-15 20:53:29.879524 (2274572) main____ INFO    ----------------------------------------
2022-10-15 20:53:29.879565 (2274572) main____ INFO    Jasper version info
2022-10-15 20:53:29.879571 (2274572) main____ INFO      tool      : Jasper 2022.06
2022-10-15 20:53:29.879575 (2274572) main____ INFO      version   : 2022.06 FCS 64 bits
2022-10-15 20:53:29.879579 (2274572) main____ INFO      build date: 2022.06.22 13:46:24 UTC
2022-10-15 20:53:29.879582 (2274572) main____ INFO    ----------------------------------------
2022-10-15 20:53:29.879584 (2274572) main____ INFO    Runtime info:
2022-10-15 20:53:29.879588 (2274572) main____ INFO      platform  : Linux 4.18.0-305.3.1.el8.x86_64 x86_64
2022-10-15 20:53:29.879592 (2274572) main____ INFO      hostname  : cav14.ee.ncku.edu.tw
2022-10-15 20:53:29.879596 (2274572) main____ INFO      pid       : 2274572
2022-10-15 20:53:29.879599 (2274572) main____ INFO      arguments : '-style' 'windows' '-allow_unsupported_OS'
2022-10-15 20:53:29.879602 (2274572) main____ INFO      locale    : UTF-8
2022-10-15 20:53:29.879605 (2274572) main____ INFO    ----------------------------------------
2022-10-15 20:53:29.879608 (2274572) main____ INFO    System resource limits info:
2022-10-15 20:53:29.879611 (2274572) main____ INFO      virtual memory: unlimited
2022-10-15 20:53:29.879614 (2274572) main____ INFO      cpu time      : unlimited
2022-10-15 20:53:29.879621 (2274572) main____ INFO      processes     : 1932771
2022-10-15 20:53:29.879628 (2274572) main____ INFO      stack size    : 8388608 B
2022-10-15 20:53:29.879632 (2274572) main____ INFO      core file size: 0 B
2022-10-15 20:53:29.879635 (2274572) main____ INFO      open files    : 1024
2022-10-15 20:53:29.879638 (2274572) main____ INFO      file size     : unlimited
2022-10-15 20:53:29.879641 (2274572) main____ INFO    ----------------------------------------
2022-10-15 20:53:29.879643 (2274572) main____ INFO    Memory statistics:
2022-10-15 20:53:29.879647 (2274572) main____ INFO      total physical memory  : 494847324 kB
2022-10-15 20:53:29.879650 (2274572) main____ INFO      free physical memory   : 430109088 kB
2022-10-15 20:53:29.879652 (2274572) main____ INFO      committed address space: 8048852 kB
2022-10-15 20:53:29.879655 (2274572) main____ INFO    ----------------------------------------
2022-10-15 20:53:29.880385 (2274572) main____ INFO    Important environment variables:
2022-10-15 20:53:29.880400 (2274572) main____ INFO      CDS_LIC_FILE          : '27014@cav14'
2022-10-15 20:53:29.880405 (2274572) main____ INFO      DISPLAY               : 'localhost:15.0'
2022-10-15 20:53:29.880409 (2274572) main____ INFO      JASPER_INSTALL_DIR    : '/usr/cad/cadence/jasper_2022.06'
2022-10-15 20:53:29.880413 (2274572) main____ INFO      JASPER_MACRO_LINEFILES: '1'
2022-10-15 20:53:29.880417 (2274572) main____ INFO      JASPER_OS_CHECK       : '0'
2022-10-15 20:53:29.880420 (2274572) main____ INFO      JG_MACRO_LINEFILES    : '1'
2022-10-15 20:53:29.880423 (2274572) main____ INFO      LANG                  : 'en_US.UTF-8'
2022-10-15 20:53:29.880427 (2274572) main____ INFO      LM_LICENSE_FILE       : '5280@lstn:5280@lshc:26585@lstn:26585@lstc:26585@lshc:1717@lsncku:'
2022-10-15 20:53:29.880434 (2274572) main____ INFO    ----------------------------------------
2022-10-15 20:53:29.880545 (2274572) lic_core INFO    Initializing license system ...
2022-10-15 20:53:29.893927 (2274572) lic_core INFO    ... license system initialized.
2022-10-15 20:53:29.908728 (2274572) lic__man INFO    Claim 'main' for <ui>.
2022-10-15 20:53:29.908755 (2274572) lic_core INFO    (1) checking out 'jasper_interactive' ...
2022-10-15 20:53:30.025022 (2274572) lic_core INFO    ... (1) checkout failed (error: -5) ("FLEXnet ERROR(-5, 0, 0): No such feature exists.")
2022-10-15 20:53:30.025045 (2274572) lic_core INFO    (2) checking out 'jasper_pint' ...
2022-10-15 20:53:30.152086 (2274572) lic_core INFO    ... (2) checkout succeeded
2022-10-15 20:53:30.152128 (2274572) lic__man INFO    Claim 'fpv' for <ui>.
2022-10-15 20:53:30.152142 (2274572) lic_core INFO    (3) checking out 'jasper_fpv' ...
2022-10-15 20:53:30.279380 (2274572) lic_core INFO    ... (3) checkout failed (error: -5) ("FLEXnet ERROR(-5, 0, 0): No such feature exists.")
2022-10-15 20:53:30.279401 (2274572) lic_core INFO    (4) checking out 'jasper_fao' ...
2022-10-15 20:53:30.401820 (2274572) lic_core INFO    ... (4) checkout succeeded
2022-10-15 20:53:30.402159 (2274572) main____ INFO    Tool inactivity delay is 480000 ms.
2022-10-15 20:53:31.060885 (2274572) lic__man INFO    Claim 'fpv' for <ui>.
2022-10-15 20:53:31.278881 (2274572) lic__man INFO    Unclaim 'fpv' for <ui>.
2022-10-15 20:53:31.278925 (2274572) lic__man INFO    Claim 'fpv' for <ui>.
2022-10-15 20:53:31.284946 (2274572) session_ INFO    Starting analysis session with session id 'session_0' (launcher: <local>) ...
2022-10-15 20:53:31.288221 (2274572) session_ INFO    Analysis session with session id 'session_0' started (pid: 2274666)
2022-10-15 20:53:36.301997 (2274572) session_ INFO    Analysis session 'session_0' connected to the console (host: 127.0.0.1:48682)
2022-10-15 20:53:40.911757 (2274572) main____ INFO    Releasing console memory by request of analysis session 'session_0'.
2022-10-15 20:53:40.941841 (2274572) lic__man INFO    Unclaim everything for 'session_0'.
2022-10-15 20:53:40.942013 (2274572) lic__man INFO    Claim 'cov' for 'session_0'.
2022-10-15 20:53:40.942039 (2274572) lic_core INFO    (5) checking out 'jasper_coverage' ...
2022-10-15 20:53:41.073576 (2274572) lic_core INFO    ... (5) checkout failed (error: -5) ("FLEXnet ERROR(-5, 0, 0): No such feature exists.")
2022-10-15 20:53:41.073623 (2274572) lic_core INFO    (6) checking out 'jasper_pcov' ...
2022-10-15 20:53:41.195215 (2274572) lic_core INFO    ... (6) checkout succeeded
2022-10-15 20:53:52.737405 (2274572) lic__man INFO    Unclaim everything for 'session_0'.
2022-10-15 20:53:53.080164 (2274572) lic__man INFO    Claim 'cov' for 'session_0'.
2022-10-15 20:53:57.646279 (2274572) lic__man INFO    Claim 'fpv' for 'session_0'.
2022-10-15 20:53:57.646345 (2274572) lic__man INFO    Claim 'fpv' for 'session_0/prove-0'.
2022-10-15 20:57:10.444598 (2274572) lic__man INFO    Unclaim everything for 'session_0/prove-0'.
2022-10-15 20:58:09.920896 (2274572) main____ INFO    Releasing console memory by request of analysis session 'session_0'.
2022-10-15 20:58:09.950093 (2274572) lic__man INFO    Unclaim everything for 'session_0'.
2022-10-15 20:58:10.020821 (2274572) lic__man INFO    Claim 'cov' for 'session_0'.
2022-10-15 20:58:20.710247 (2274572) lic__man INFO    Unclaim everything for 'session_0'.
2022-10-15 20:58:21.045324 (2274572) lic__man INFO    Claim 'cov' for 'session_0'.
2022-10-15 20:58:25.522863 (2274572) lic__man INFO    Claim 'fpv' for 'session_0'.
2022-10-15 20:58:25.522926 (2274572) lic__man INFO    Claim 'fpv' for 'session_0/prove-0'.
2022-10-15 21:11:01.583903 (2274572) lic__man INFO    Unclaim everything for 'session_0/prove-0'.
2022-10-15 21:11:02.265005 (2274572) main____ INFO    Releasing console memory by request of analysis session 'session_0'.
2022-10-15 21:11:02.270303 (2274572) lic__man INFO    Unclaim everything for 'session_0'.
2022-10-15 21:11:02.270636 (2274572) lic__man INFO    Claim 'cov' for 'session_0'.
2022-10-15 21:11:13.507744 (2274572) lic__man INFO    Unclaim everything for 'session_0'.
2022-10-15 21:11:13.881460 (2274572) lic__man INFO    Claim 'cov' for 'session_0'.
2022-10-15 21:11:18.515139 (2274572) lic__man INFO    Claim 'fpv' for 'session_0'.
2022-10-15 21:11:18.515189 (2274572) lic__man INFO    Claim 'fpv' for 'session_0/prove-0'.
2022-10-15 21:18:23.535754 (2274572) lic__man INFO    Unclaim everything for 'session_0/prove-0'.
2022-10-15 21:18:32.213012 (2274572) main____ INFO    Releasing console memory by request of analysis session 'session_0'.
2022-10-15 21:18:32.244470 (2274572) lic__man INFO    Unclaim everything for 'session_0'.
2022-10-15 21:18:32.301372 (2274572) lic__man INFO    Claim 'cov' for 'session_0'.
2022-10-15 21:18:43.598049 (2274572) lic__man INFO    Unclaim everything for 'session_0'.
2022-10-15 21:18:43.963792 (2274572) lic__man INFO    Claim 'cov' for 'session_0'.
2022-10-15 21:18:48.470001 (2274572) lic__man INFO    Claim 'fpv' for 'session_0'.
2022-10-15 21:18:48.470043 (2274572) lic__man INFO    Claim 'fpv' for 'session_0/prove-0'.
2022-10-15 21:20:36.030707 (2274572) lic__man INFO    Unclaim everything for 'session_0/prove-0'.
2022-10-15 21:20:36.031713 (2274572) lic__man INFO    Claim 'fpv' for 'session_0'.
2022-10-15 22:20:41.644871 (2274572) lic__man INFO    Entering idle state.
2022-10-15 22:21:16.644543 (2274572) lic__man INFO    Leaving idle state.
2022-10-15 22:55:38.985587 (2274572) main____ INFO    Releasing console memory by request of analysis session 'session_0'.
2022-10-15 22:55:39.008976 (2274572) lic__man INFO    Unclaim everything for 'session_0'.
2022-10-15 22:55:39.086348 (2274572) lic__man INFO    Claim 'cov' for 'session_0'.
2022-10-15 22:55:50.034880 (2274572) lic__man INFO    Unclaim everything for 'session_0'.
2022-10-15 22:55:50.401212 (2274572) lic__man INFO    Claim 'cov' for 'session_0'.
2022-10-15 22:55:54.934424 (2274572) lic__man INFO    Claim 'fpv' for 'session_0'.
2022-10-15 22:55:54.934470 (2274572) lic__man INFO    Claim 'fpv' for 'session_0/prove-0'.
2022-10-15 22:56:38.620399 (2274572) lic__man INFO    Unclaim everything for 'session_0/prove-0'.
2022-10-15 22:56:39.933503 (2274572) lic__man INFO    Claim 'fpv' for 'session_0'.
2022-10-15 22:58:07.046211 (2274572) main____ INFO    Releasing console memory by request of analysis session 'session_0'.
2022-10-15 22:58:07.076745 (2274572) lic__man INFO    Unclaim everything for 'session_0'.
2022-10-15 22:58:07.130026 (2274572) lic__man INFO    Claim 'cov' for 'session_0'.
2022-10-15 22:58:18.029031 (2274572) lic__man INFO    Unclaim everything for 'session_0'.
2022-10-15 22:58:18.401268 (2274572) lic__man INFO    Claim 'cov' for 'session_0'.
2022-10-15 22:58:22.875807 (2274572) lic__man INFO    Claim 'fpv' for 'session_0'.
2022-10-15 22:58:22.875878 (2274572) lic__man INFO    Claim 'fpv' for 'session_0/prove-0'.
2022-10-15 22:59:03.539561 (2274572) lic__man INFO    Unclaim everything for 'session_0/prove-0'.
2022-10-15 22:59:13.943357 (2274572) lic__man INFO    Claim 'fpv' for 'session_0'.
2022-10-15 22:59:48.051629 (2274572) main____ INFO    Releasing console memory by request of analysis session 'session_0'.
2022-10-15 22:59:48.081896 (2274572) lic__man INFO    Unclaim everything for 'session_0'.
2022-10-15 22:59:48.127544 (2274572) lic__man INFO    Claim 'cov' for 'session_0'.
2022-10-15 22:59:59.303243 (2274572) lic__man INFO    Unclaim everything for 'session_0'.
2022-10-15 22:59:59.682124 (2274572) lic__man INFO    Claim 'cov' for 'session_0'.
2022-10-15 23:00:04.263563 (2274572) lic__man INFO    Claim 'fpv' for 'session_0'.
2022-10-15 23:00:04.263612 (2274572) lic__man INFO    Claim 'fpv' for 'session_0/prove-0'.
2022-10-15 23:00:49.798228 (2274572) lic__man INFO    Unclaim everything for 'session_0/prove-0'.
2022-10-15 23:02:30.531383 (2274572) main____ INFO    Releasing console memory by request of analysis session 'session_0'.
2022-10-15 23:02:30.563416 (2274572) lic__man INFO    Unclaim everything for 'session_0'.
2022-10-15 23:02:30.617936 (2274572) lic__man INFO    Claim 'cov' for 'session_0'.
2022-10-15 23:02:41.552773 (2274572) lic__man INFO    Unclaim everything for 'session_0'.
2022-10-15 23:02:41.922448 (2274572) lic__man INFO    Claim 'cov' for 'session_0'.
2022-10-15 23:02:46.415340 (2274572) lic__man INFO    Claim 'fpv' for 'session_0'.
2022-10-15 23:02:46.415400 (2274572) lic__man INFO    Claim 'fpv' for 'session_0/prove-0'.
2022-10-15 23:03:25.562340 (2274572) lic__man INFO    Unclaim everything for 'session_0/prove-0'.
2022-10-15 23:03:26.878362 (2274572) lic__man INFO    Claim 'fpv' for 'session_0'.
2022-10-15 23:06:18.693989 (2274572) main____ INFO    Releasing console memory by request of analysis session 'session_0'.
2022-10-15 23:06:18.722964 (2274572) lic__man INFO    Unclaim everything for 'session_0'.
2022-10-15 23:06:18.774638 (2274572) lic__man INFO    Claim 'cov' for 'session_0'.
2022-10-15 23:06:29.741895 (2274572) lic__man INFO    Unclaim everything for 'session_0'.
2022-10-15 23:06:30.118799 (2274572) lic__man INFO    Claim 'cov' for 'session_0'.
2022-10-15 23:06:34.706989 (2274572) lic__man INFO    Claim 'fpv' for 'session_0'.
2022-10-15 23:06:34.707025 (2274572) lic__man INFO    Claim 'fpv' for 'session_0/prove-0'.
2022-10-15 23:07:39.202621 (2274572) lic__man INFO    Unclaim everything for 'session_0/prove-0'.
2022-10-15 23:07:40.979995 (2274572) lic__man INFO    Claim 'fpv' for 'session_0'.
2022-10-15 23:34:32.263970 (2274572) main____ INFO    Releasing console memory by request of analysis session 'session_0'.
2022-10-15 23:34:32.279094 (2274572) lic__man INFO    Unclaim everything for 'session_0'.
2022-10-15 23:34:32.338493 (2274572) lic__man INFO    Claim 'cov' for 'session_0'.
2022-10-15 23:36:33.748898 (2274572) main____ INFO    Releasing console memory by request of analysis session 'session_0'.
2022-10-15 23:36:33.748997 (2274572) lic__man INFO    Unclaim everything for 'session_0'.
2022-10-15 23:36:33.749210 (2274572) lic__man INFO    Claim 'cov' for 'session_0'.
2022-10-15 23:37:12.004000 (2274572) main____ INFO    Releasing console memory by request of analysis session 'session_0'.
2022-10-15 23:37:12.004231 (2274572) lic__man INFO    Unclaim everything for 'session_0'.
2022-10-15 23:37:12.004520 (2274572) lic__man INFO    Claim 'cov' for 'session_0'.
2022-10-15 23:37:22.900518 (2274572) lic__man INFO    Unclaim everything for 'session_0'.
2022-10-15 23:37:23.269513 (2274572) lic__man INFO    Claim 'cov' for 'session_0'.
2022-10-15 23:37:27.992224 (2274572) lic__man INFO    Claim 'fpv' for 'session_0'.
2022-10-15 23:37:27.992272 (2274572) lic__man INFO    Claim 'fpv' for 'session_0/prove-0'.
2022-10-15 23:37:39.593025 (2274572) lic__man INFO    Unclaim everything for 'session_0/prove-0'.
2022-10-15 23:37:40.862414 (2274572) lic__man INFO    Claim 'fpv' for 'session_0'.
2022-10-15 23:43:11.254626 (2274572) main____ INFO    Releasing console memory by request of analysis session 'session_0'.
2022-10-15 23:43:11.284966 (2274572) lic__man INFO    Unclaim everything for 'session_0'.
2022-10-15 23:43:11.343679 (2274572) lic__man INFO    Claim 'cov' for 'session_0'.
2022-10-15 23:43:22.215401 (2274572) lic__man INFO    Unclaim everything for 'session_0'.
2022-10-15 23:43:22.606613 (2274572) lic__man INFO    Claim 'cov' for 'session_0'.
2022-10-15 23:43:27.169931 (2274572) lic__man INFO    Claim 'fpv' for 'session_0'.
2022-10-15 23:43:27.169974 (2274572) lic__man INFO    Claim 'fpv' for 'session_0/prove-0'.
2022-10-15 23:43:38.172571 (2274572) lic__man INFO    Unclaim everything for 'session_0/prove-0'.
2022-10-15 23:43:39.103168 (2274572) lic__man INFO    Claim 'fpv' for 'session_0'.
2022-10-15 23:45:51.058535 (2274572) lic__man INFO    Claim 'fpv' for 'session_0'.
2022-10-15 23:45:51.058578 (2274572) lic__man INFO    Claim 'fpv' for 'session_0/prove-1'.
2022-10-15 23:45:53.767733 (2274572) lic__man INFO    Unclaim everything for 'session_0/prove-1'.
2022-10-15 23:48:42.700153 (2274572) main____ INFO    Releasing console memory by request of analysis session 'session_0'.
2022-10-15 23:48:42.728994 (2274572) lic__man INFO    Unclaim everything for 'session_0'.
2022-10-15 23:48:42.729228 (2274572) lic__man INFO    Claim 'cov' for 'session_0'.
2022-10-15 23:48:54.543933 (2274572) lic__man INFO    Unclaim everything for 'session_0'.
2022-10-15 23:48:55.008927 (2274572) lic__man INFO    Claim 'cov' for 'session_0'.
2022-10-15 23:48:59.534661 (2274572) lic__man INFO    Claim 'fpv' for 'session_0'.
2022-10-15 23:48:59.534720 (2274572) lic__man INFO    Claim 'fpv' for 'session_0/prove-0'.
2022-10-15 23:49:14.803406 (2274572) lic__man INFO    Unclaim everything for 'session_0/prove-0'.
2022-10-15 23:49:15.242235 (2274572) lic__man INFO    Claim 'fpv' for 'session_0'.
2022-10-15 23:51:25.288346 (2274572) main____ INFO    Releasing console memory by request of analysis session 'session_0'.
2022-10-15 23:51:25.295669 (2274572) lic__man INFO    Unclaim everything for 'session_0'.
2022-10-15 23:51:25.295877 (2274572) lic__man INFO    Claim 'cov' for 'session_0'.
2022-10-15 23:51:37.378520 (2274572) lic__man INFO    Unclaim everything for 'session_0'.
2022-10-15 23:51:37.756860 (2274572) lic__man INFO    Claim 'cov' for 'session_0'.
2022-10-15 23:51:42.799374 (2274572) lic__man INFO    Claim 'fpv' for 'session_0'.
2022-10-15 23:51:42.799414 (2274572) lic__man INFO    Claim 'fpv' for 'session_0/prove-0'.
2022-10-15 23:52:06.974224 (2274572) lic__man INFO    Unclaim everything for 'session_0/prove-0'.
2022-10-15 23:52:44.787362 (2274572) main____ INFO    Releasing console memory by request of analysis session 'session_0'.
2022-10-15 23:52:44.816577 (2274572) lic__man INFO    Unclaim everything for 'session_0'.
2022-10-15 23:52:44.874779 (2274572) lic__man INFO    Claim 'cov' for 'session_0'.
2022-10-15 23:52:56.640912 (2274572) lic__man INFO    Unclaim everything for 'session_0'.
2022-10-15 23:52:57.035193 (2274572) lic__man INFO    Claim 'cov' for 'session_0'.
2022-10-15 23:53:01.656251 (2274572) lic__man INFO    Claim 'fpv' for 'session_0'.
2022-10-15 23:53:01.656314 (2274572) lic__man INFO    Claim 'fpv' for 'session_0/prove-0'.
2022-10-15 23:53:18.811773 (2274572) lic__man INFO    Unclaim everything for 'session_0/prove-0'.
2022-10-15 23:54:36.203789 (2274572) main____ INFO    Releasing console memory by request of analysis session 'session_0'.
2022-10-15 23:54:36.229586 (2274572) lic__man INFO    Unclaim everything for 'session_0'.
2022-10-15 23:54:36.281241 (2274572) lic__man INFO    Claim 'cov' for 'session_0'.
2022-10-15 23:54:47.212687 (2274572) lic__man INFO    Unclaim everything for 'session_0'.
2022-10-15 23:54:47.629500 (2274572) lic__man INFO    Claim 'cov' for 'session_0'.
2022-10-15 23:54:52.115112 (2274572) lic__man INFO    Claim 'fpv' for 'session_0'.
2022-10-15 23:54:52.115156 (2274572) lic__man INFO    Claim 'fpv' for 'session_0/prove-0'.
2022-10-15 23:55:09.762014 (2274572) lic__man INFO    Unclaim everything for 'session_0/prove-0'.
2022-10-15 23:56:41.642414 (2274572) main____ INFO    Releasing console memory by request of analysis session 'session_0'.
2022-10-15 23:56:41.668881 (2274572) lic__man INFO    Unclaim everything for 'session_0'.
2022-10-15 23:56:41.726225 (2274572) lic__man INFO    Claim 'cov' for 'session_0'.
2022-10-15 23:56:52.538723 (2274572) lic__man INFO    Unclaim everything for 'session_0'.
2022-10-15 23:56:52.956891 (2274572) lic__man INFO    Claim 'cov' for 'session_0'.
2022-10-15 23:56:57.713559 (2274572) lic__man INFO    Claim 'fpv' for 'session_0'.
2022-10-15 23:56:57.713605 (2274572) lic__man INFO    Claim 'fpv' for 'session_0/prove-0'.
2022-10-15 23:57:24.067913 (2274572) lic__man INFO    Unclaim everything for 'session_0/prove-0'.
2022-10-15 23:57:25.212705 (2274572) lic__man INFO    Claim 'fpv' for 'session_0'.
2022-10-16 00:02:08.469272 (2274572) main____ INFO    Releasing console memory by request of analysis session 'session_0'.
2022-10-16 00:02:08.494813 (2274572) lic__man INFO    Unclaim everything for 'session_0'.
2022-10-16 00:02:08.544356 (2274572) lic__man INFO    Claim 'cov' for 'session_0'.
2022-10-16 00:02:19.412955 (2274572) lic__man INFO    Unclaim everything for 'session_0'.
2022-10-16 00:02:19.803755 (2274572) lic__man INFO    Claim 'cov' for 'session_0'.
2022-10-16 00:02:24.345444 (2274572) lic__man INFO    Claim 'fpv' for 'session_0'.
2022-10-16 00:02:24.345488 (2274572) lic__man INFO    Claim 'fpv' for 'session_0/prove-0'.
2022-10-16 00:03:20.771940 (2274572) lic__man INFO    Unclaim everything for 'session_0/prove-0'.
2022-10-16 00:03:32.046552 (2274572) lic__man INFO    Claim 'fpv' for 'session_0'.
2022-10-16 00:07:45.480212 (2274572) main____ INFO    Releasing console memory by request of analysis session 'session_0'.
2022-10-16 00:07:45.506229 (2274572) lic__man INFO    Unclaim everything for 'session_0'.
2022-10-16 00:07:45.563968 (2274572) lic__man INFO    Claim 'cov' for 'session_0'.
2022-10-16 00:07:56.506077 (2274572) lic__man INFO    Unclaim everything for 'session_0'.
2022-10-16 00:07:56.889302 (2274572) lic__man INFO    Claim 'cov' for 'session_0'.
2022-10-16 00:08:01.496723 (2274572) lic__man INFO    Claim 'fpv' for 'session_0'.
2022-10-16 00:08:01.496782 (2274572) lic__man INFO    Claim 'fpv' for 'session_0/prove-0'.
2022-10-16 00:08:35.050773 (2274572) lic__man INFO    Unclaim everything for 'session_0/prove-0'.
2022-10-16 00:08:35.092106 (2274572) lic__man INFO    Claim 'fpv' for 'session_0'.
2022-10-16 00:11:26.612548 (2274572) lic__man INFO    Claim 'fpv' for 'session_0'.
2022-10-16 00:11:26.612588 (2274572) lic__man INFO    Claim 'fpv' for 'session_0/prove-1'.
2022-10-16 00:11:29.287740 (2274572) lic__man INFO    Unclaim everything for 'session_0/prove-1'.
2022-10-16 00:13:23.210326 (2274572) main____ INFO    Releasing console memory by request of analysis session 'session_0'.
2022-10-16 00:13:23.238082 (2274572) lic__man INFO    Unclaim everything for 'session_0'.
2022-10-16 00:13:23.306291 (2274572) lic__man INFO    Claim 'cov' for 'session_0'.
2022-10-16 00:13:34.489345 (2274572) lic__man INFO    Unclaim everything for 'session_0'.
2022-10-16 00:13:34.889556 (2274572) lic__man INFO    Claim 'cov' for 'session_0'.
2022-10-16 00:13:40.007287 (2274572) lic__man INFO    Claim 'fpv' for 'session_0'.
2022-10-16 00:13:40.007328 (2274572) lic__man INFO    Claim 'fpv' for 'session_0/prove-0'.
2022-10-16 00:14:05.547818 (2274572) lic__man INFO    Unclaim everything for 'session_0/prove-0'.
2022-10-16 00:14:06.485453 (2274572) lic__man INFO    Claim 'fpv' for 'session_0'.
2022-10-16 00:19:55.478026 (2274572) main____ INFO    Releasing console memory by request of analysis session 'session_0'.
2022-10-16 00:19:55.503825 (2274572) lic__man INFO    Unclaim everything for 'session_0'.
2022-10-16 00:19:55.568138 (2274572) lic__man INFO    Claim 'cov' for 'session_0'.
2022-10-16 00:20:06.403478 (2274572) lic__man INFO    Unclaim everything for 'session_0'.
2022-10-16 00:20:06.808348 (2274572) lic__man INFO    Claim 'cov' for 'session_0'.
2022-10-16 00:20:11.370612 (2274572) lic__man INFO    Claim 'fpv' for 'session_0'.
2022-10-16 00:20:11.370661 (2274572) lic__man INFO    Claim 'fpv' for 'session_0/prove-0'.
2022-10-16 00:20:51.704825 (2274572) lic__man INFO    Unclaim everything for 'session_0/prove-0'.
2022-10-16 00:20:52.832241 (2274572) lic__man INFO    Claim 'fpv' for 'session_0'.
2022-10-16 00:22:53.677334 (2274572) main____ INFO    Releasing console memory by request of analysis session 'session_0'.
2022-10-16 00:22:53.703138 (2274572) lic__man INFO    Unclaim everything for 'session_0'.
2022-10-16 00:22:53.760781 (2274572) lic__man INFO    Claim 'cov' for 'session_0'.
2022-10-16 00:23:04.709505 (2274572) lic__man INFO    Unclaim everything for 'session_0'.
2022-10-16 00:23:05.094301 (2274572) lic__man INFO    Claim 'cov' for 'session_0'.
2022-10-16 00:23:09.951095 (2274572) lic__man INFO    Claim 'fpv' for 'session_0'.
2022-10-16 00:23:09.951139 (2274572) lic__man INFO    Claim 'fpv' for 'session_0/prove-0'.
2022-10-16 00:23:34.280495 (2274572) lic__man INFO    Unclaim everything for 'session_0/prove-0'.
2022-10-16 00:23:35.766161 (2274572) main____ INFO    Releasing console memory by request of analysis session 'session_0'.
2022-10-16 00:23:35.791099 (2274572) lic__man INFO    Unclaim everything for 'session_0'.
2022-10-16 00:23:35.864890 (2274572) lic__man INFO    Claim 'cov' for 'session_0'.
2022-10-16 00:23:47.041196 (2274572) lic__man INFO    Unclaim everything for 'session_0'.
2022-10-16 00:23:47.427282 (2274572) lic__man INFO    Claim 'cov' for 'session_0'.
2022-10-16 00:23:52.321791 (2274572) lic__man INFO    Claim 'fpv' for 'session_0'.
2022-10-16 00:23:52.321840 (2274572) lic__man INFO    Claim 'fpv' for 'session_0/prove-0'.
2022-10-16 00:24:16.045534 (2274572) lic__man INFO    Unclaim everything for 'session_0/prove-0'.
2022-10-16 00:24:17.182746 (2274572) lic__man INFO    Claim 'fpv' for 'session_0'.
2022-10-16 00:27:33.497240 (2274572) main____ INFO    Releasing console memory by request of analysis session 'session_0'.
2022-10-16 00:27:33.522219 (2274572) lic__man INFO    Unclaim everything for 'session_0'.
2022-10-16 00:27:33.587957 (2274572) lic__man INFO    Claim 'cov' for 'session_0'.
2022-10-16 00:27:44.845824 (2274572) lic__man INFO    Unclaim everything for 'session_0'.
2022-10-16 00:27:45.237705 (2274572) lic__man INFO    Claim 'cov' for 'session_0'.
2022-10-16 00:27:49.917110 (2274572) lic__man INFO    Claim 'fpv' for 'session_0'.
2022-10-16 00:27:49.917150 (2274572) lic__man INFO    Claim 'fpv' for 'session_0/prove-0'.
2022-10-16 00:28:21.664815 (2274572) lic__man INFO    Unclaim everything for 'session_0/prove-0'.
2022-10-16 00:28:23.154589 (2274572) lic__man INFO    Claim 'fpv' for 'session_0'.
2022-10-16 00:33:31.280550 (2274572) main____ INFO    Releasing console memory by request of analysis session 'session_0'.
2022-10-16 00:33:31.287293 (2274572) lic__man INFO    Unclaim everything for 'session_0'.
2022-10-16 00:33:31.287513 (2274572) lic__man INFO    Claim 'cov' for 'session_0'.
2022-10-16 00:33:42.550107 (2274572) lic__man INFO    Unclaim everything for 'session_0'.
2022-10-16 00:33:42.948125 (2274572) lic__man INFO    Claim 'cov' for 'session_0'.
2022-10-16 00:33:47.734223 (2274572) lic__man INFO    Claim 'fpv' for 'session_0'.
2022-10-16 00:33:47.734269 (2274572) lic__man INFO    Claim 'fpv' for 'session_0/prove-0'.
2022-10-16 00:34:01.712248 (2274572) lic__man INFO    Unclaim everything for 'session_0/prove-0'.
2022-10-16 00:34:02.741698 (2274572) lic__man INFO    Claim 'fpv' for 'session_0'.
2022-10-16 00:37:09.863566 (2274572) lic__man INFO    Claim 'fpv' for 'session_0'.
2022-10-16 00:37:09.863631 (2274572) lic__man INFO    Claim 'fpv' for 'session_0/prove-1'.
2022-10-16 00:37:12.578891 (2274572) lic__man INFO    Unclaim everything for 'session_0/prove-1'.
2022-10-16 00:45:48.895905 (2274572) main____ INFO    Releasing console memory by request of analysis session 'session_0'.
2022-10-16 00:45:48.903840 (2274572) lic__man INFO    Unclaim everything for 'session_0'.
2022-10-16 00:45:48.937046 (2274572) lic__man INFO    Claim 'cov' for 'session_0'.
2022-10-16 00:46:00.351659 (2274572) lic__man INFO    Unclaim everything for 'session_0'.
2022-10-16 00:46:00.754756 (2274572) lic__man INFO    Claim 'cov' for 'session_0'.
2022-10-16 00:46:05.389157 (2274572) lic__man INFO    Claim 'fpv' for 'session_0'.
2022-10-16 00:46:05.389203 (2274572) lic__man INFO    Claim 'fpv' for 'session_0/prove-0'.
2022-10-16 00:46:24.825675 (2274572) lic__man INFO    Unclaim everything for 'session_0/prove-0'.
2022-10-16 00:46:25.621425 (2274572) lic__man INFO    Claim 'fpv' for 'session_0'.
2022-10-16 00:48:57.351612 (2274572) lic__man INFO    Claim 'fpv' for 'session_0'.
2022-10-16 00:48:57.351661 (2274572) lic__man INFO    Claim 'fpv' for 'session_0/prove-1'.
2022-10-16 00:49:00.050728 (2274572) lic__man INFO    Unclaim everything for 'session_0/prove-1'.
2022-10-16 00:49:13.413830 (2274572) lic__man INFO    Claim 'fpv' for 'session_0'.
2022-10-16 00:49:13.413866 (2274572) lic__man INFO    Claim 'fpv' for 'session_0/prove-2'.
2022-10-16 00:49:16.065366 (2274572) lic__man INFO    Unclaim everything for 'session_0/prove-2'.
2022-10-16 00:56:56.638139 (2274572) main____ INFO    Releasing console memory by request of analysis session 'session_0'.
2022-10-16 00:56:56.677745 (2274572) lic__man INFO    Unclaim everything for 'session_0'.
2022-10-16 00:56:56.678012 (2274572) lic__man INFO    Claim 'cov' for 'session_0'.
2022-10-16 00:57:19.831003 (2274572) main____ INFO    Releasing console memory by request of analysis session 'session_0'.
2022-10-16 00:57:19.831173 (2274572) lic__man INFO    Unclaim everything for 'session_0'.
2022-10-16 00:57:19.831370 (2274572) lic__man INFO    Claim 'cov' for 'session_0'.
2022-10-16 00:57:30.745859 (2274572) lic__man INFO    Unclaim everything for 'session_0'.
2022-10-16 00:57:31.110278 (2274572) lic__man INFO    Claim 'cov' for 'session_0'.
2022-10-16 00:57:36.192786 (2274572) lic__man INFO    Claim 'fpv' for 'session_0'.
2022-10-16 00:57:36.192828 (2274572) lic__man INFO    Claim 'fpv' for 'session_0/prove-0'.
2022-10-16 00:58:10.299804 (2274572) lic__man INFO    Unclaim everything for 'session_0/prove-0'.
2022-10-16 00:58:11.108988 (2274572) lic__man INFO    Claim 'fpv' for 'session_0'.
2022-10-16 00:58:16.131703 (2274572) lic__man INFO    Claim 'fpv' for 'session_0'.
2022-10-16 00:58:16.131740 (2274572) lic__man INFO    Claim 'fpv' for 'session_0/prove-1'.
2022-10-16 00:58:18.775173 (2274572) lic__man INFO    Unclaim everything for 'session_0/prove-1'.
2022-10-16 01:01:09.300299 (2274572) main____ INFO    Releasing console memory by request of analysis session 'session_0'.
2022-10-16 01:01:09.327239 (2274572) lic__man INFO    Unclaim everything for 'session_0'.
2022-10-16 01:01:09.388078 (2274572) lic__man INFO    Claim 'cov' for 'session_0'.
2022-10-16 01:01:20.167364 (2274572) lic__man INFO    Unclaim everything for 'session_0'.
2022-10-16 01:01:20.538192 (2274572) lic__man INFO    Claim 'cov' for 'session_0'.
2022-10-16 01:01:25.471596 (2274572) lic__man INFO    Claim 'fpv' for 'session_0'.
2022-10-16 01:01:25.471639 (2274572) lic__man INFO    Claim 'fpv' for 'session_0/prove-0'.
2022-10-16 01:01:48.523756 (2274572) lic__man INFO    Unclaim everything for 'session_0/prove-0'.
2022-10-16 01:01:50.539116 (2274572) lic__man INFO    Claim 'fpv' for 'session_0'.
2022-10-16 01:01:54.225051 (2274572) lic__man INFO    Claim 'fpv' for 'session_0'.
2022-10-16 01:01:54.225098 (2274572) lic__man INFO    Claim 'fpv' for 'session_0/prove-1'.
2022-10-16 01:01:56.943700 (2274572) lic__man INFO    Unclaim everything for 'session_0/prove-1'.
2022-10-16 01:08:16.976624 (2274572) main____ INFO    Releasing console memory by request of analysis session 'session_0'.
2022-10-16 01:08:17.003773 (2274572) lic__man INFO    Unclaim everything for 'session_0'.
2022-10-16 01:08:17.004873 (2274572) lic__man INFO    Claim 'cov' for 'session_0'.
2022-10-16 01:08:28.036914 (2274572) lic__man INFO    Unclaim everything for 'session_0'.
2022-10-16 01:08:28.448871 (2274572) lic__man INFO    Claim 'cov' for 'session_0'.
2022-10-16 01:08:32.966814 (2274572) lic__man INFO    Claim 'fpv' for 'session_0'.
2022-10-16 01:08:32.966854 (2274572) lic__man INFO    Claim 'fpv' for 'session_0/prove-0'.
2022-10-16 01:09:02.663672 (2274572) lic__man INFO    Unclaim everything for 'session_0/prove-0'.
2022-10-16 01:09:03.562448 (2274572) lic__man INFO    Claim 'fpv' for 'session_0'.
2022-10-16 01:09:06.909915 (2274572) lic__man INFO    Claim 'fpv' for 'session_0'.
2022-10-16 01:09:06.909946 (2274572) lic__man INFO    Claim 'fpv' for 'session_0/prove-1'.
2022-10-16 01:09:09.530401 (2274572) lic__man INFO    Unclaim everything for 'session_0/prove-1'.
2022-10-16 01:12:47.211512 (2274572) main____ INFO    Releasing console memory by request of analysis session 'session_0'.
2022-10-16 01:12:47.238586 (2274572) lic__man INFO    Unclaim everything for 'session_0'.
2022-10-16 01:12:47.278010 (2274572) lic__man INFO    Claim 'cov' for 'session_0'.
2022-10-16 01:12:58.942449 (2274572) lic__man INFO    Unclaim everything for 'session_0'.
2022-10-16 01:12:59.318358 (2274572) lic__man INFO    Claim 'cov' for 'session_0'.
2022-10-16 01:13:03.944277 (2274572) lic__man INFO    Claim 'fpv' for 'session_0'.
2022-10-16 01:13:03.944324 (2274572) lic__man INFO    Claim 'fpv' for 'session_0/prove-0'.
2022-10-16 01:13:19.249584 (2274572) lic__man INFO    Unclaim everything for 'session_0/prove-0'.
2022-10-16 01:13:20.189370 (2274572) lic__man INFO    Claim 'fpv' for 'session_0'.
2022-10-16 01:13:31.096035 (2274572) lic__man INFO    Claim 'fpv' for 'session_0'.
2022-10-16 01:13:31.096070 (2274572) lic__man INFO    Claim 'fpv' for 'session_0/prove-1'.
2022-10-16 01:13:33.702565 (2274572) lic__man INFO    Unclaim everything for 'session_0/prove-1'.
2022-10-16 01:14:59.422106 (2274572) main____ INFO    Releasing console memory by request of analysis session 'session_0'.
2022-10-16 01:14:59.447641 (2274572) lic__man INFO    Unclaim everything for 'session_0'.
2022-10-16 01:14:59.506502 (2274572) lic__man INFO    Claim 'cov' for 'session_0'.
2022-10-16 01:15:10.401574 (2274572) lic__man INFO    Unclaim everything for 'session_0'.
2022-10-16 01:15:10.839437 (2274572) lic__man INFO    Claim 'cov' for 'session_0'.
2022-10-16 01:15:15.422818 (2274572) lic__man INFO    Claim 'fpv' for 'session_0'.
2022-10-16 01:15:15.422884 (2274572) lic__man INFO    Claim 'fpv' for 'session_0/prove-0'.
2022-10-16 01:15:34.462911 (2274572) lic__man INFO    Unclaim everything for 'session_0/prove-0'.
2022-10-16 01:15:35.070292 (2274572) lic__man INFO    Claim 'fpv' for 'session_0'.
2022-10-16 01:15:37.268966 (2274572) lic__man INFO    Claim 'fpv' for 'session_0'.
2022-10-16 01:15:37.269010 (2274572) lic__man INFO    Claim 'fpv' for 'session_0/prove-1'.
2022-10-16 01:15:39.933763 (2274572) lic__man INFO    Unclaim everything for 'session_0/prove-1'.
2022-10-16 01:17:36.110367 (2274572) main____ INFO    Releasing console memory by request of analysis session 'session_0'.
2022-10-16 01:17:36.138210 (2274572) lic__man INFO    Unclaim everything for 'session_0'.
2022-10-16 01:17:36.229283 (2274572) lic__man INFO    Claim 'cov' for 'session_0'.
2022-10-16 01:17:47.329413 (2274572) lic__man INFO    Unclaim everything for 'session_0'.
2022-10-16 01:17:47.761652 (2274572) lic__man INFO    Claim 'cov' for 'session_0'.
2022-10-16 01:17:52.359431 (2274572) lic__man INFO    Claim 'fpv' for 'session_0'.
2022-10-16 01:17:52.359470 (2274572) lic__man INFO    Claim 'fpv' for 'session_0/prove-0'.
2022-10-16 01:18:11.245392 (2274572) lic__man INFO    Unclaim everything for 'session_0/prove-0'.
2022-10-16 01:18:14.395894 (2274572) lic__man INFO    Claim 'fpv' for 'session_0'.
2022-10-16 01:18:17.584773 (2274572) lic__man INFO    Claim 'fpv' for 'session_0'.
2022-10-16 01:18:17.584809 (2274572) lic__man INFO    Claim 'fpv' for 'session_0/prove-1'.
2022-10-16 01:18:20.174011 (2274572) lic__man INFO    Unclaim everything for 'session_0/prove-1'.
2022-10-16 01:19:34.735787 (2274572) lic__man INFO    Claim 'fpv' for 'session_0'.
2022-10-16 01:19:34.735833 (2274572) lic__man INFO    Claim 'fpv' for 'session_0/prove-2'.
2022-10-16 01:19:37.314746 (2274572) lic__man INFO    Unclaim everything for 'session_0/prove-2'.
2022-10-16 01:27:46.644817 (2274572) lic__man INFO    Entering idle state.
2022-10-16 10:39:21.644991 (2274572) lic__man INFO    Leaving idle state.
2022-10-16 10:52:56.519517 (2274572) main____ INFO    Releasing console memory by request of analysis session 'session_0'.
2022-10-16 10:52:56.537071 (2274572) lic__man INFO    Unclaim everything for 'session_0'.
2022-10-16 10:52:56.592582 (2274572) lic__man INFO    Claim 'cov' for 'session_0'.
2022-10-16 10:53:07.728831 (2274572) lic__man INFO    Unclaim everything for 'session_0'.
2022-10-16 10:53:08.118791 (2274572) lic__man INFO    Claim 'cov' for 'session_0'.
2022-10-16 10:53:12.775035 (2274572) lic__man INFO    Claim 'fpv' for 'session_0'.
2022-10-16 10:53:12.775075 (2274572) lic__man INFO    Claim 'fpv' for 'session_0/prove-0'.
2022-10-16 10:53:29.321814 (2274572) lic__man INFO    Unclaim everything for 'session_0/prove-0'.
2022-10-16 10:53:29.322881 (2274572) lic__man INFO    Claim 'fpv' for 'session_0'.
2022-10-16 10:53:39.667326 (2274572) lic__man INFO    Claim 'fpv' for 'session_0'.
2022-10-16 10:53:39.667361 (2274572) lic__man INFO    Claim 'fpv' for 'session_0/prove-1'.
2022-10-16 10:53:42.399154 (2274572) lic__man INFO    Unclaim everything for 'session_0/prove-1'.
2022-10-16 10:56:48.143888 (2274572) main____ INFO    Releasing console memory by request of analysis session 'session_0'.
2022-10-16 10:56:48.181568 (2274572) lic__man INFO    Unclaim everything for 'session_0'.
2022-10-16 10:56:48.181839 (2274572) lic__man INFO    Claim 'cov' for 'session_0'.
2022-10-16 10:56:59.278288 (2274572) lic__man INFO    Unclaim everything for 'session_0'.
2022-10-16 10:56:59.682416 (2274572) lic__man INFO    Claim 'cov' for 'session_0'.
2022-10-16 10:57:04.229620 (2274572) lic__man INFO    Claim 'fpv' for 'session_0'.
2022-10-16 10:57:04.229740 (2274572) lic__man INFO    Claim 'fpv' for 'session_0/prove-0'.
2022-10-16 10:57:21.404942 (2274572) lic__man INFO    Unclaim everything for 'session_0/prove-0'.
2022-10-16 10:57:21.775478 (2274572) lic__man INFO    Claim 'fpv' for 'session_0'.
2022-10-16 10:57:27.619185 (2274572) lic__man INFO    Claim 'fpv' for 'session_0'.
2022-10-16 10:57:27.619225 (2274572) lic__man INFO    Claim 'fpv' for 'session_0/prove-1'.
2022-10-16 10:57:30.279750 (2274572) lic__man INFO    Unclaim everything for 'session_0/prove-1'.
2022-10-16 11:01:00.719014 (2274572) main____ INFO    Releasing console memory by request of analysis session 'session_0'.
2022-10-16 11:01:00.743345 (2274572) lic__man INFO    Unclaim everything for 'session_0'.
2022-10-16 11:01:00.796620 (2274572) lic__man INFO    Claim 'cov' for 'session_0'.
2022-10-16 11:01:12.195132 (2274572) lic__man INFO    Unclaim everything for 'session_0'.
2022-10-16 11:01:12.611096 (2274572) lic__man INFO    Claim 'cov' for 'session_0'.
2022-10-16 11:01:17.160794 (2274572) lic__man INFO    Claim 'fpv' for 'session_0'.
2022-10-16 11:01:17.160846 (2274572) lic__man INFO    Claim 'fpv' for 'session_0/prove-0'.
2022-10-16 11:01:34.234719 (2274572) lic__man INFO    Unclaim everything for 'session_0/prove-0'.
2022-10-16 11:01:34.827819 (2274572) lic__man INFO    Claim 'fpv' for 'session_0'.
2022-10-16 11:01:40.373332 (2274572) lic__man INFO    Claim 'fpv' for 'session_0'.
2022-10-16 11:01:40.373364 (2274572) lic__man INFO    Claim 'fpv' for 'session_0/prove-1'.
2022-10-16 11:01:42.995939 (2274572) lic__man INFO    Unclaim everything for 'session_0/prove-1'.
2022-10-16 11:03:54.082596 (2274572) main____ INFO    Releasing console memory by request of analysis session 'session_0'.
2022-10-16 11:03:54.107386 (2274572) lic__man INFO    Unclaim everything for 'session_0'.
2022-10-16 11:03:54.150562 (2274572) lic__man INFO    Claim 'cov' for 'session_0'.
2022-10-16 11:04:05.729637 (2274572) lic__man INFO    Unclaim everything for 'session_0'.
2022-10-16 11:04:06.174734 (2274572) lic__man INFO    Claim 'cov' for 'session_0'.
2022-10-16 11:04:10.743865 (2274572) lic__man INFO    Claim 'fpv' for 'session_0'.
2022-10-16 11:04:10.743913 (2274572) lic__man INFO    Claim 'fpv' for 'session_0/prove-0'.
2022-10-16 11:04:30.291829 (2274572) lic__man INFO    Unclaim everything for 'session_0/prove-0'.
2022-10-16 11:04:31.139030 (2274572) lic__man INFO    Claim 'fpv' for 'session_0'.
2022-10-16 11:04:35.874577 (2274572) lic__man INFO    Claim 'fpv' for 'session_0'.
2022-10-16 11:04:35.874617 (2274572) lic__man INFO    Claim 'fpv' for 'session_0/prove-1'.
2022-10-16 11:04:38.548880 (2274572) lic__man INFO    Unclaim everything for 'session_0/prove-1'.
2022-10-16 11:20:01.644866 (2274572) lic__man INFO    Entering idle state.
2022-10-16 11:23:41.700881 (2274572) lic__man INFO    Leaving idle state.
2022-10-16 11:32:11.644280 (2274572) lic__man INFO    Entering idle state.
2022-10-16 13:44:16.644716 (2274572) lic__man INFO    Leaving idle state.
2022-10-16 13:48:22.664801 (2274572) main____ INFO    Releasing console memory by request of analysis session 'session_0'.
2022-10-16 13:48:22.671393 (2274572) lic__man INFO    Unclaim everything for 'session_0'.
2022-10-16 13:48:22.747637 (2274572) lic__man INFO    Claim 'cov' for 'session_0'.
2022-10-16 13:48:33.603129 (2274572) lic__man INFO    Unclaim everything for 'session_0'.
2022-10-16 13:48:33.996254 (2274572) lic__man INFO    Claim 'cov' for 'session_0'.
2022-10-16 13:48:38.700287 (2274572) lic__man INFO    Claim 'fpv' for 'session_0'.
2022-10-16 13:48:38.700327 (2274572) lic__man INFO    Claim 'fpv' for 'session_0/prove-0'.
2022-10-16 13:50:02.370362 (2274572) lic__man INFO    Unclaim everything for 'session_0/prove-0'.
2022-10-16 13:50:03.544050 (2274572) lic__man INFO    Claim 'fpv' for 'session_0'.
2022-10-16 13:55:40.615910 (2274572) main____ INFO    Releasing console memory by request of analysis session 'session_0'.
2022-10-16 13:55:40.638830 (2274572) lic__man INFO    Unclaim everything for 'session_0'.
2022-10-16 13:55:40.696813 (2274572) lic__man INFO    Claim 'cov' for 'session_0'.
2022-10-16 13:55:52.188694 (2274572) lic__man INFO    Unclaim everything for 'session_0'.
2022-10-16 13:55:52.606611 (2274572) lic__man INFO    Claim 'cov' for 'session_0'.
2022-10-16 13:55:57.449032 (2274572) lic__man INFO    Claim 'fpv' for 'session_0'.
2022-10-16 13:55:57.449085 (2274572) lic__man INFO    Claim 'fpv' for 'session_0/prove-0'.
2022-10-16 13:56:20.773867 (2274572) lic__man INFO    Unclaim everything for 'session_0/prove-0'.
2022-10-16 13:56:22.927047 (2274572) lic__man INFO    Claim 'fpv' for 'session_0'.
2022-10-16 13:59:25.970845 (2274572) main____ INFO    Releasing console memory by request of analysis session 'session_0'.
2022-10-16 13:59:25.993938 (2274572) lic__man INFO    Unclaim everything for 'session_0'.
2022-10-16 13:59:26.056969 (2274572) lic__man INFO    Claim 'cov' for 'session_0'.
2022-10-16 13:59:37.333755 (2274572) lic__man INFO    Unclaim everything for 'session_0'.
2022-10-16 13:59:37.786996 (2274572) lic__man INFO    Claim 'cov' for 'session_0'.
2022-10-16 13:59:42.527625 (2274572) lic__man INFO    Claim 'fpv' for 'session_0'.
2022-10-16 13:59:42.527716 (2274572) lic__man INFO    Claim 'fpv' for 'session_0/prove-0'.
2022-10-16 13:59:57.471856 (2274572) lic__man INFO    Unclaim everything for 'session_0/prove-0'.
2022-10-16 14:01:22.089224 (2274572) main____ INFO    Releasing console memory by request of analysis session 'session_0'.
2022-10-16 14:01:22.112871 (2274572) lic__man INFO    Unclaim everything for 'session_0'.
2022-10-16 14:01:22.168043 (2274572) lic__man INFO    Claim 'cov' for 'session_0'.
2022-10-16 14:01:33.235158 (2274572) lic__man INFO    Unclaim everything for 'session_0'.
2022-10-16 14:01:33.685661 (2274572) lic__man INFO    Claim 'cov' for 'session_0'.
2022-10-16 14:01:38.367345 (2274572) lic__man INFO    Claim 'fpv' for 'session_0'.
2022-10-16 14:01:38.367395 (2274572) lic__man INFO    Claim 'fpv' for 'session_0/prove-0'.
2022-10-16 14:03:04.938365 (2274572) lic__man INFO    Unclaim everything for 'session_0/prove-0'.
2022-10-16 14:03:05.509025 (2274572) main____ INFO    Releasing console memory by request of analysis session 'session_0'.
2022-10-16 14:03:05.532790 (2274572) lic__man INFO    Unclaim everything for 'session_0'.
2022-10-16 14:03:05.595743 (2274572) lic__man INFO    Claim 'cov' for 'session_0'.
2022-10-16 14:03:16.778399 (2274572) lic__man INFO    Unclaim everything for 'session_0'.
2022-10-16 14:03:17.144285 (2274572) lic__man INFO    Claim 'cov' for 'session_0'.
2022-10-16 14:03:21.824758 (2274572) lic__man INFO    Claim 'fpv' for 'session_0'.
2022-10-16 14:03:21.824804 (2274572) lic__man INFO    Claim 'fpv' for 'session_0/prove-0'.
2022-10-16 14:06:43.751496 (2274572) lic__man INFO    Unclaim everything for 'session_0/prove-0'.
2022-10-16 14:06:45.045589 (2274572) main____ INFO    Releasing console memory by request of analysis session 'session_0'.
2022-10-16 14:06:45.067455 (2274572) lic__man INFO    Unclaim everything for 'session_0'.
2022-10-16 14:06:45.128868 (2274572) lic__man INFO    Claim 'cov' for 'session_0'.
2022-10-16 14:06:56.282036 (2274572) lic__man INFO    Unclaim everything for 'session_0'.
2022-10-16 14:06:56.654561 (2274572) lic__man INFO    Claim 'cov' for 'session_0'.
2022-10-16 14:07:01.210618 (2274572) lic__man INFO    Claim 'fpv' for 'session_0'.
2022-10-16 14:07:01.210667 (2274572) lic__man INFO    Claim 'fpv' for 'session_0/prove-0'.
2022-10-16 14:12:18.321517 (2274572) lic__man INFO    Unclaim everything for 'session_0/prove-0'.
2022-10-16 14:12:21.071518 (2274572) main____ INFO    Releasing console memory by request of analysis session 'session_0'.
2022-10-16 14:12:21.096205 (2274572) lic__man INFO    Unclaim everything for 'session_0'.
2022-10-16 14:12:21.152149 (2274572) lic__man INFO    Claim 'cov' for 'session_0'.
2022-10-16 14:12:32.178164 (2274572) lic__man INFO    Unclaim everything for 'session_0'.
2022-10-16 14:12:32.564811 (2274572) lic__man INFO    Claim 'cov' for 'session_0'.
2022-10-16 14:12:37.147370 (2274572) lic__man INFO    Claim 'fpv' for 'session_0'.
2022-10-16 14:12:37.147416 (2274572) lic__man INFO    Claim 'fpv' for 'session_0/prove-0'.
2022-10-16 14:33:27.719623 (2274572) lic__man INFO    Unclaim everything for 'session_0/prove-0'.
2022-10-16 14:33:28.924066 (2274572) main____ INFO    Releasing console memory by request of analysis session 'session_0'.
2022-10-16 14:33:28.931412 (2274572) lic__man INFO    Unclaim everything for 'session_0'.
2022-10-16 14:33:28.933931 (2274572) lic__man INFO    Claim 'cov' for 'session_0'.
2022-10-16 14:34:03.401955 (2274572) main____ INFO    Releasing console memory by request of analysis session 'session_0'.
2022-10-16 14:34:03.402118 (2274572) lic__man INFO    Unclaim everything for 'session_0'.
2022-10-16 14:34:03.402293 (2274572) lic__man INFO    Claim 'cov' for 'session_0'.
2022-10-16 14:34:14.301895 (2274572) lic__man INFO    Unclaim everything for 'session_0'.
2022-10-16 14:34:14.704767 (2274572) lic__man INFO    Claim 'cov' for 'session_0'.
2022-10-16 14:34:19.270603 (2274572) lic__man INFO    Claim 'fpv' for 'session_0'.
2022-10-16 14:34:19.270654 (2274572) lic__man INFO    Claim 'fpv' for 'session_0/prove-0'.
2022-10-16 14:37:07.225746 (2274572) lic__man INFO    Unclaim everything for 'session_0/prove-0'.
2022-10-16 14:37:07.749491 (2274572) main____ INFO    Releasing console memory by request of analysis session 'session_0'.
2022-10-16 14:37:07.770010 (2274572) lic__man INFO    Unclaim everything for 'session_0'.
2022-10-16 14:37:07.823823 (2274572) lic__man INFO    Claim 'cov' for 'session_0'.
2022-10-16 14:37:19.237415 (2274572) lic__man INFO    Unclaim everything for 'session_0'.
2022-10-16 14:37:19.619884 (2274572) lic__man INFO    Claim 'cov' for 'session_0'.
2022-10-16 14:37:24.834251 (2274572) lic__man INFO    Claim 'fpv' for 'session_0'.
2022-10-16 14:37:24.834290 (2274572) lic__man INFO    Claim 'fpv' for 'session_0/prove-0'.
2022-10-16 14:37:51.039590 (2274572) lic__man INFO    Unclaim everything for 'session_0/prove-0'.
2022-10-16 14:39:56.954904 (2274572) main____ INFO    Releasing console memory by request of analysis session 'session_0'.
2022-10-16 14:39:56.977745 (2274572) lic__man INFO    Unclaim everything for 'session_0'.
2022-10-16 14:39:57.036639 (2274572) lic__man INFO    Claim 'cov' for 'session_0'.
2022-10-16 14:40:09.306246 (2274572) lic__man INFO    Unclaim everything for 'session_0'.
2022-10-16 14:40:09.746489 (2274572) lic__man INFO    Claim 'cov' for 'session_0'.
2022-10-16 14:40:14.515203 (2274572) lic__man INFO    Claim 'fpv' for 'session_0'.
2022-10-16 14:40:14.515248 (2274572) lic__man INFO    Claim 'fpv' for 'session_0/prove-0'.
2022-10-16 14:40:38.280218 (2274572) lic__man INFO    Unclaim everything for 'session_0/prove-0'.
2022-10-16 14:42:02.276159 (2274572) main____ INFO    Releasing console memory by request of analysis session 'session_0'.
2022-10-16 14:42:02.298502 (2274572) lic__man INFO    Unclaim everything for 'session_0'.
2022-10-16 14:42:02.359074 (2274572) lic__man INFO    Claim 'cov' for 'session_0'.
2022-10-16 14:42:13.764348 (2274572) lic__man INFO    Unclaim everything for 'session_0'.
2022-10-16 14:42:14.141479 (2274572) lic__man INFO    Claim 'cov' for 'session_0'.
2022-10-16 14:42:18.673801 (2274572) lic__man INFO    Claim 'fpv' for 'session_0'.
2022-10-16 14:42:18.673839 (2274572) lic__man INFO    Claim 'fpv' for 'session_0/prove-0'.
2022-10-16 14:42:43.145471 (2274572) lic__man INFO    Unclaim everything for 'session_0/prove-0'.
2022-10-16 14:42:43.856485 (2274572) lic__man INFO    Claim 'fpv' for 'session_0'.
2022-10-16 14:43:56.706510 (2274572) main____ INFO    Releasing console memory by request of analysis session 'session_0'.
2022-10-16 14:43:56.723692 (2274572) lic__man INFO    Unclaim everything for 'session_0'.
2022-10-16 14:43:56.782895 (2274572) lic__man INFO    Claim 'cov' for 'session_0'.
2022-10-16 14:44:08.045072 (2274572) lic__man INFO    Unclaim everything for 'session_0'.
2022-10-16 14:44:08.460726 (2274572) lic__man INFO    Claim 'cov' for 'session_0'.
2022-10-16 14:44:13.288590 (2274572) lic__man INFO    Claim 'fpv' for 'session_0'.
2022-10-16 14:44:13.288634 (2274572) lic__man INFO    Claim 'fpv' for 'session_0/prove-0'.
2022-10-16 14:45:11.709703 (2274572) lic__man INFO    Unclaim everything for 'session_0/prove-0'.
2022-10-16 14:45:11.710815 (2274572) lic__man INFO    Claim 'fpv' for 'session_0'.
2022-10-16 14:46:43.536640 (2274572) main____ INFO    Releasing console memory by request of analysis session 'session_0'.
2022-10-16 14:46:43.556430 (2274572) lic__man INFO    Unclaim everything for 'session_0'.
2022-10-16 14:46:43.624066 (2274572) lic__man INFO    Claim 'cov' for 'session_0'.
2022-10-16 14:46:54.906163 (2274572) lic__man INFO    Unclaim everything for 'session_0'.
2022-10-16 14:46:55.314178 (2274572) lic__man INFO    Claim 'cov' for 'session_0'.
2022-10-16 14:46:59.995741 (2274572) lic__man INFO    Claim 'fpv' for 'session_0'.
2022-10-16 14:46:59.995788 (2274572) lic__man INFO    Claim 'fpv' for 'session_0/prove-0'.
2022-10-16 14:47:17.084936 (2274572) lic__man INFO    Unclaim everything for 'session_0/prove-0'.
2022-10-16 14:47:18.275969 (2274572) main____ INFO    Releasing console memory by request of analysis session 'session_0'.
2022-10-16 14:47:18.295967 (2274572) lic__man INFO    Unclaim everything for 'session_0'.
2022-10-16 14:47:18.350587 (2274572) lic__man INFO    Claim 'cov' for 'session_0'.
2022-10-16 14:47:29.263187 (2274572) lic__man INFO    Unclaim everything for 'session_0'.
2022-10-16 14:47:29.666874 (2274572) lic__man INFO    Claim 'cov' for 'session_0'.
2022-10-16 14:47:34.499015 (2274572) lic__man INFO    Claim 'fpv' for 'session_0'.
2022-10-16 14:47:34.499062 (2274572) lic__man INFO    Claim 'fpv' for 'session_0/prove-0'.
2022-10-16 14:48:33.014183 (2274572) lic__man INFO    Unclaim everything for 'session_0/prove-0'.
2022-10-16 14:48:33.847424 (2274572) main____ INFO    Releasing console memory by request of analysis session 'session_0'.
2022-10-16 14:48:33.869345 (2274572) lic__man INFO    Unclaim everything for 'session_0'.
2022-10-16 14:48:33.929058 (2274572) lic__man INFO    Claim 'cov' for 'session_0'.
2022-10-16 14:48:45.197131 (2274572) lic__man INFO    Unclaim everything for 'session_0'.
2022-10-16 14:48:45.635236 (2274572) lic__man INFO    Claim 'cov' for 'session_0'.
2022-10-16 14:48:50.383009 (2274572) lic__man INFO    Claim 'fpv' for 'session_0'.
2022-10-16 14:48:50.383061 (2274572) lic__man INFO    Claim 'fpv' for 'session_0/prove-0'.
2022-10-16 14:50:45.926469 (2274572) lic__man INFO    Unclaim everything for 'session_0/prove-0'.
2022-10-16 14:50:53.396560 (2274572) lic__man INFO    Claim 'fpv' for 'session_0'.
2022-10-16 14:59:06.334159 (2274572) main____ INFO    Releasing console memory by request of analysis session 'session_0'.
2022-10-16 14:59:06.339117 (2274572) lic__man INFO    Unclaim everything for 'session_0'.
2022-10-16 14:59:06.339371 (2274572) lic__man INFO    Claim 'cov' for 'session_0'.
2022-10-16 14:59:17.433584 (2274572) lic__man INFO    Unclaim everything for 'session_0'.
2022-10-16 14:59:17.852468 (2274572) lic__man INFO    Claim 'cov' for 'session_0'.
2022-10-16 14:59:22.760279 (2274572) lic__man INFO    Claim 'fpv' for 'session_0'.
2022-10-16 14:59:22.760358 (2274572) lic__man INFO    Claim 'fpv' for 'session_0/prove-0'.
